2022-01-18 19:56:15,491 [MainThread  ] [INFO ]  GPX File waypoint correctly loaded ! size: 469
2022-01-18 19:56:15,491 [MainThread  ] [INFO ]  New iot:sensor:gps with id: 5003c4dc-7890-11ec-8f05-c15432be9ccfResource Created ! 
2022-01-18 19:56:15,491 [MainThread  ] [INFO ]  Starting point at Lat:44.77127138333334 Long: 10.31597753333334
2022-01-18 19:56:16,492 [MainThread  ] [INFO ]  Start period Update with period: 1 s
2022-01-18 19:56:16,493 [MainThread  ] [INFO ]  Updating Resource Value
2022-01-18 19:56:16,494 [MainThread  ] [INFO ]  Listener <class 'resources.ResourceDataListener.ResourceDataListener'>
2022-01-18 19:56:17,495 [Thread-1    ] [INFO ]  Device: 5003c4dc-7890-11ec-8f05-c15432be9ccf -> New Value Received Longitude: 10.3157425 Latitude: 44.77135166666667 Altitude: 76.30501174926758 - provider location_provider_local
2022-01-18 19:56:18,496 [Thread-1    ] [INFO ]  Device: 5003c4dc-7890-11ec-8f05-c15432be9ccf -> New Value Received Longitude: 10.315263 Latitude: 44.77149896666667 Altitude: 76.30454635620117 - provider location_provider_local
2022-01-18 19:56:19,498 [Thread-1    ] [INFO ]  Device: 5003c4dc-7890-11ec-8f05-c15432be9ccf -> New Value Received Longitude: 10.31475911666667 Latitude: 44.77161904999999 Altitude: 76.30404663085938 - provider location_provider_local
2022-01-18 19:56:20,500 [Thread-1    ] [INFO ]  Device: 5003c4dc-7890-11ec-8f05-c15432be9ccf -> New Value Received Longitude: 10.31450383333333 Latitude: 44.77167766666668 Altitude: 76.30380630493164 - provider location_provider_local
2022-01-18 19:56:21,502 [Thread-2    ] [INFO ]  Device: 5003c4dc-7890-11ec-8f05-c15432be9ccf -> New Value Received Longitude: 10.3139963 Latitude: 44.77178606666666 Altitude: 76.30330276489258 - provider location_provider_local
2022-01-18 19:56:21,508 [MainThread  ] [INFO ]  Listener <class 'resources.ResourceDataListener.ResourceDataListener'>
2022-01-18 19:56:22,506 [Thread-1    ] [INFO ]  Device: 5003c4dc-7890-11ec-8f05-c15432be9ccf -> New Value Received Longitude: 10.31348566666667 Latitude: 44.77188525 Altitude: 76.30282592773438 - provider location_provider_local
2022-01-18 19:56:23,509 [Thread-1    ] [INFO ]  Device: 5003c4dc-7890-11ec-8f05-c15432be9ccf -> New Value Received Longitude: 10.31323288333333 Latitude: 44.7719358 Altitude: 76.30256271362305 - provider location_provider_local
2022-01-18 19:56:24,512 [Thread-1    ] [INFO ]  Device: 5003c4dc-7890-11ec-8f05-c15432be9ccf -> New Value Received Longitude: 10.31273196666667 Latitude: 44.77204188333334 Altitude: 76.30208206176758 - provider location_provider_local
2022-01-18 19:56:25,516 [Thread-1    ] [INFO ]  Device: 5003c4dc-7890-11ec-8f05-c15432be9ccf -> New Value Received Longitude: 10.31222893333333 Latitude: 44.77215011666667 Altitude: 76.30160140991211 - provider location_provider_local
2022-01-18 19:56:26,531 [Thread-1    ] [INFO ]  Device: 5003c4dc-7890-11ec-8f05-c15432be9ccf -> New Value Received Longitude: 10.31172038333333 Latitude: 44.77225815000003 Altitude: 76.30109786987305 - provider location_provider_local
2022-01-18 19:56:27,534 [Thread-1    ] [INFO ]  Device: 5003c4dc-7890-11ec-8f05-c15432be9ccf -> New Value Received Longitude: 10.31146928333333 Latitude: 44.77231043333333 Altitude: 77.30086135864258 - provider location_provider_local
2022-01-18 19:56:28,537 [Thread-1    ] [INFO ]  Device: 5003c4dc-7890-11ec-8f05-c15432be9ccf -> New Value Received Longitude: 10.31121928333333 Latitude: 44.77236441666667 Altitude: 77.30062103271484 - provider location_provider_local
2022-01-18 19:56:29,539 [Thread-1    ] [INFO ]  Device: 5003c4dc-7890-11ec-8f05-c15432be9ccf -> New Value Received Longitude: 10.31097061666667 Latitude: 44.77241496666667 Altitude: 77.30038070678711 - provider location_provider_local
2022-01-18 19:56:30,542 [Thread-1    ] [INFO ]  Device: 5003c4dc-7890-11ec-8f05-c15432be9ccf -> New Value Received Longitude: 10.31072291666667 Latitude: 44.77246425 Altitude: 77.30014038085938 - provider location_provider_local
2022-01-18 19:56:31,557 [Thread-1    ] [INFO ]  Device: 5003c4dc-7890-11ec-8f05-c15432be9ccf -> New Value Received Longitude: 10.31023271666667 Latitude: 44.77256238333333 Altitude: 77.2996597290039 - provider location_provider_local
2022-01-18 19:56:32,560 [Thread-1    ] [INFO ]  Device: 5003c4dc-7890-11ec-8f05-c15432be9ccf -> New Value Received Longitude: 10.30975065 Latitude: 44.77267423333334 Altitude: 78.2991943359375 - provider location_provider_local
2022-01-18 19:56:33,563 [Thread-1    ] [INFO ]  Device: 5003c4dc-7890-11ec-8f05-c15432be9ccf -> New Value Received Longitude: 10.30928393333333 Latitude: 44.77281955 Altitude: 78.2987289428711 - provider location_provider_local
2022-01-18 19:56:34,566 [Thread-1    ] [INFO ]  Device: 5003c4dc-7890-11ec-8f05-c15432be9ccf -> New Value Received Longitude: 10.30882556666667 Latitude: 44.77297631666666 Altitude: 79.29828643798828 - provider location_provider_local
2022-01-18 19:56:35,568 [Thread-1    ] [INFO ]  Device: 5003c4dc-7890-11ec-8f05-c15432be9ccf -> New Value Received Longitude: 10.30859655 Latitude: 44.77305463333333 Altitude: 79.29806137084961 - provider location_provider_local
2022-01-18 19:56:36,571 [Thread-1    ] [INFO ]  Device: 5003c4dc-7890-11ec-8f05-c15432be9ccf -> New Value Received Longitude: 10.30837808333333 Latitude: 44.773146 Altitude: 79.2978553771973 - provider location_provider_local
2022-01-18 19:56:37,574 [Thread-1    ] [INFO ]  Device: 5003c4dc-7890-11ec-8f05-c15432be9ccf -> New Value Received Longitude: 10.30816078333333 Latitude: 44.77323804999998 Altitude: 79.29765701293945 - provider location_provider_local
2022-01-18 19:56:38,578 [Thread-1    ] [INFO ]  Device: 5003c4dc-7890-11ec-8f05-c15432be9ccf -> New Value Received Longitude: 10.30777436666667 Latitude: 44.77347378333334 Altitude: 79.29726028442383 - provider location_provider_local
2022-01-18 19:56:39,581 [Thread-1    ] [INFO ]  Device: 5003c4dc-7890-11ec-8f05-c15432be9ccf -> New Value Received Longitude: 10.3074101 Latitude: 44.77372680000002 Altitude: 79.29690551757812 - provider location_provider_local
2022-01-18 19:56:40,584 [Thread-1    ] [INFO ]  Device: 5003c4dc-7890-11ec-8f05-c15432be9ccf -> New Value Received Longitude: 10.30709481666667 Latitude: 44.77402471666666 Altitude: 80.29660415649414 - provider location_provider_local
2022-01-18 19:56:41,588 [Thread-1    ] [INFO ]  Device: 5003c4dc-7890-11ec-8f05-c15432be9ccf -> New Value Received Longitude: 10.30693596666667 Latitude: 44.77418048333334 Altitude: 80.29643630981445 - provider location_provider_local
2022-01-18 19:56:42,591 [Thread-1    ] [INFO ]  Device: 5003c4dc-7890-11ec-8f05-c15432be9ccf -> New Value Received Longitude: 10.3067854 Latitude: 44.77434206666667 Altitude: 80.29628372192383 - provider location_provider_local
2022-01-18 19:56:43,595 [Thread-1    ] [INFO ]  Device: 5003c4dc-7890-11ec-8f05-c15432be9ccf -> New Value Received Longitude: 10.30647898333333 Latitude: 44.77467005 Altitude: 80.29598617553711 - provider location_provider_local
2022-01-18 19:56:44,597 [Thread-1    ] [INFO ]  Device: 5003c4dc-7890-11ec-8f05-c15432be9ccf -> New Value Received Longitude: 10.30617643333333 Latitude: 44.77500673333334 Altitude: 80.29568099975586 - provider location_provider_local
2022-01-18 19:56:45,600 [Thread-1    ] [INFO ]  Device: 5003c4dc-7890-11ec-8f05-c15432be9ccf -> New Value Received Longitude: 10.30602915 Latitude: 44.77517681666667 Altitude: 81.29554748535156 - provider location_provider_local
2022-01-18 19:56:46,603 [Thread-1    ] [INFO ]  Device: 5003c4dc-7890-11ec-8f05-c15432be9ccf -> New Value Received Longitude: 10.30573628333333 Latitude: 44.77551625 Altitude: 81.29524612426758 - provider location_provider_local
2022-01-18 19:56:47,607 [Thread-1    ] [INFO ]  Device: 5003c4dc-7890-11ec-8f05-c15432be9ccf -> New Value Received Longitude: 10.30544073333333 Latitude: 44.77584863333333 Altitude: 81.29496383666992 - provider location_provider_local
2022-01-18 19:56:48,621 [Thread-1    ] [INFO ]  Device: 5003c4dc-7890-11ec-8f05-c15432be9ccf -> New Value Received Longitude: 10.30529261666667 Latitude: 44.7760157 Altitude: 81.29481506347656 - provider location_provider_local
2022-01-18 19:56:49,625 [Thread-1    ] [INFO ]  Device: 5003c4dc-7890-11ec-8f05-c15432be9ccf -> New Value Received Longitude: 10.3051348 Latitude: 44.77619276666666 Altitude: 81.29466247558594 - provider location_provider_local
2022-01-18 19:56:50,628 [Thread-1    ] [INFO ]  Device: 5003c4dc-7890-11ec-8f05-c15432be9ccf -> New Value Received Longitude: 10.30481866666667 Latitude: 44.77654916666667 Altitude: 81.29433822631836 - provider location_provider_local
2022-01-18 19:56:51,630 [Thread-1    ] [INFO ]  Device: 5003c4dc-7890-11ec-8f05-c15432be9ccf -> New Value Received Longitude: 10.30450391666667 Latitude: 44.77691069999999 Altitude: 81.29403686523438 - provider location_provider_local
2022-01-18 19:56:52,633 [Thread-1    ] [INFO ]  Device: 5003c4dc-7890-11ec-8f05-c15432be9ccf -> New Value Received Longitude: 10.30419635 Latitude: 44.77725791666666 Altitude: 81.29373550415039 - provider location_provider_local
2022-01-18 19:56:53,636 [Thread-1    ] [INFO ]  Device: 5003c4dc-7890-11ec-8f05-c15432be9ccf -> New Value Received Longitude: 10.3038888 Latitude: 44.77757718333334 Altitude: 81.29343795776367 - provider location_provider_local
2022-01-18 19:56:54,640 [Thread-1    ] [INFO ]  Device: 5003c4dc-7890-11ec-8f05-c15432be9ccf -> New Value Received Longitude: 10.30359061666666 Latitude: 44.77786348333333 Altitude: 81.29313278198242 - provider location_provider_local
2022-01-18 19:56:55,644 [Thread-1    ] [INFO ]  Device: 5003c4dc-7890-11ec-8f05-c15432be9ccf -> New Value Received Longitude: 10.30329111666667 Latitude: 44.7781349 Altitude: 81.2928352355957 - provider location_provider_local
2022-01-18 19:56:56,647 [Thread-1    ] [INFO ]  Device: 5003c4dc-7890-11ec-8f05-c15432be9ccf -> New Value Received Longitude: 10.302984 Latitude: 44.77839233333334 Altitude: 81.29253387451172 - provider location_provider_local
2022-01-18 19:56:57,649 [Thread-1    ] [INFO ]  Device: 5003c4dc-7890-11ec-8f05-c15432be9ccf -> New Value Received Longitude: 10.30269273333333 Latitude: 44.77865033333334 Altitude: 81.29225158691406 - provider location_provider_local
2022-01-18 19:56:58,652 [Thread-1    ] [INFO ]  Device: 5003c4dc-7890-11ec-8f05-c15432be9ccf -> New Value Received Longitude: 10.30254433333333 Latitude: 44.77877795000001 Altitude: 81.2921028137207 - provider location_provider_local
2022-01-18 19:56:59,656 [Thread-1    ] [INFO ]  Device: 5003c4dc-7890-11ec-8f05-c15432be9ccf -> New Value Received Longitude: 10.30222806666667 Latitude: 44.77900851666667 Altitude: 81.29178237915039 - provider location_provider_local
2022-01-18 19:57:00,659 [Thread-1    ] [INFO ]  Device: 5003c4dc-7890-11ec-8f05-c15432be9ccf -> New Value Received Longitude: 10.30190313333333 Latitude: 44.77922906666667 Altitude: 81.29146575927734 - provider location_provider_local
2022-01-18 19:57:01,661 [Thread-1    ] [INFO ]  Device: 5003c4dc-7890-11ec-8f05-c15432be9ccf -> New Value Received Longitude: 10.30155143333333 Latitude: 44.77943108333334 Altitude: 81.29113006591797 - provider location_provider_local
2022-01-18 19:57:02,665 [Thread-1    ] [INFO ]  Device: 5003c4dc-7890-11ec-8f05-c15432be9ccf -> New Value Received Longitude: 10.30135081666667 Latitude: 44.77951270000001 Altitude: 81.29092788696289 - provider location_provider_local
2022-01-18 19:57:03,668 [Thread-1    ] [INFO ]  Device: 5003c4dc-7890-11ec-8f05-c15432be9ccf -> New Value Received Longitude: 10.30092163333333 Latitude: 44.77964088333334 Altitude: 82.2905158996582 - provider location_provider_local
2022-01-18 19:57:04,671 [Thread-1    ] [INFO ]  Device: 5003c4dc-7890-11ec-8f05-c15432be9ccf -> New Value Received Longitude: 10.30069526666667 Latitude: 44.77969023333333 Altitude: 82.2902946472168 - provider location_provider_local
2022-01-18 19:57:05,675 [Thread-1    ] [INFO ]  Device: 5003c4dc-7890-11ec-8f05-c15432be9ccf -> New Value Received Longitude: 10.30024321666667 Latitude: 44.77979860000001 Altitude: 82.28984832763672 - provider location_provider_local
2022-01-18 19:57:06,677 [Thread-1    ] [INFO ]  Device: 5003c4dc-7890-11ec-8f05-c15432be9ccf -> New Value Received Longitude: 10.30000921666667 Latitude: 44.77984691666667 Altitude: 82.28963088989258 - provider location_provider_local
2022-01-18 19:57:07,691 [Thread-1    ] [INFO ]  Device: 5003c4dc-7890-11ec-8f05-c15432be9ccf -> New Value Received Longitude: 10.29977246666667 Latitude: 44.77989080000001 Altitude: 82.2894058227539 - provider location_provider_local
2022-01-18 19:57:08,695 [Thread-1    ] [INFO ]  Device: 5003c4dc-7890-11ec-8f05-c15432be9ccf -> New Value Received Longitude: 10.2992812 Latitude: 44.77996073333334 Altitude: 82.2889289855957 - provider location_provider_local
