2022-01-18 19:56:21,508 [MainThread  ] [INFO ]  Vehicle Smart Object Correctly created!
2022-01-18 19:56:21,508 [MainThread  ] [INFO ]  Starting Vehicle Emulator
2022-01-18 19:56:21,508 [MainThread  ] [INFO ]  Registering to Resource : iot:sensor:gps(ID:5003c4dc-7890-11ec-8f05-c15432be9ccf)
2022-01-18 19:56:21,508 [MainThread  ] [INFO ]  Registering to Resource : iot:sensor:battery(ID:5003c4dd-7890-11ec-8f05-c15432be9ccf)
2022-01-18 19:56:22,505 [Thread-1    ] [INFO ]  Sending to topic fleet/vehicle/5003c4de-7890-11ec-8f05-c15432be9ccf/telemetry/iot:sensor:battery data: Timestamp: 1642532182506 Type: iot:sensor:batteryDataValue: 51.542010992694216 
2022-01-18 19:56:22,506 [Thread-1    ] [INFO ]  Sending to topic fleet/vehicle/5003c4de-7890-11ec-8f05-c15432be9ccf/telemetry/iot:sensor:gps data: Timestamp: 1642532182507 Type: iot:sensor:gpsDataValue: Longitude: 10.31348566666667 Latitude: 44.77188525 Altitude: 76.30282592773438 - provider location_provider_local 
2022-01-18 19:56:23,509 [Thread-1    ] [INFO ]  Sending to topic fleet/vehicle/5003c4de-7890-11ec-8f05-c15432be9ccf/telemetry/iot:sensor:battery data: Timestamp: 1642532183509 Type: iot:sensor:batteryDataValue: 50.65437053003365 
2022-01-18 19:56:23,509 [Thread-1    ] [INFO ]  Sending to topic fleet/vehicle/5003c4de-7890-11ec-8f05-c15432be9ccf/telemetry/iot:sensor:gps data: Timestamp: 1642532183510 Type: iot:sensor:gpsDataValue: Longitude: 10.31323288333333 Latitude: 44.7719358 Altitude: 76.30256271362305 - provider location_provider_local 
2022-01-18 19:56:24,512 [Thread-1    ] [INFO ]  Sending to topic fleet/vehicle/5003c4de-7890-11ec-8f05-c15432be9ccf/telemetry/iot:sensor:battery data: Timestamp: 1642532184512 Type: iot:sensor:batteryDataValue: 50.00050828533035 
2022-01-18 19:56:24,513 [Thread-1    ] [INFO ]  Sending to topic fleet/vehicle/5003c4de-7890-11ec-8f05-c15432be9ccf/telemetry/iot:sensor:gps data: Timestamp: 1642532184513 Type: iot:sensor:gpsDataValue: Longitude: 10.31273196666667 Latitude: 44.77204188333334 Altitude: 76.30208206176758 - provider location_provider_local 
2022-01-18 19:56:25,515 [Thread-1    ] [INFO ]  Sending to topic fleet/vehicle/5003c4de-7890-11ec-8f05-c15432be9ccf/telemetry/iot:sensor:battery data: Timestamp: 1642532185516 Type: iot:sensor:batteryDataValue: 48.914451068474605 
2022-01-18 19:56:25,516 [Thread-1    ] [INFO ]  Sending to topic fleet/vehicle/5003c4de-7890-11ec-8f05-c15432be9ccf/telemetry/iot:sensor:gps data: Timestamp: 1642532185517 Type: iot:sensor:gpsDataValue: Longitude: 10.31222893333333 Latitude: 44.77215011666667 Altitude: 76.30160140991211 - provider location_provider_local 
2022-01-18 19:56:26,518 [Thread-1    ] [INFO ]  Sending to topic fleet/vehicle/5003c4de-7890-11ec-8f05-c15432be9ccf/telemetry/iot:sensor:battery data: Timestamp: 1642532186519 Type: iot:sensor:batteryDataValue: 48.523231739576154 
2022-01-18 19:56:26,531 [Thread-1    ] [INFO ]  Sending to topic fleet/vehicle/5003c4de-7890-11ec-8f05-c15432be9ccf/telemetry/iot:sensor:gps data: Timestamp: 1642532186532 Type: iot:sensor:gpsDataValue: Longitude: 10.31172038333333 Latitude: 44.77225815000003 Altitude: 76.30109786987305 - provider location_provider_local 
2022-01-18 19:56:27,534 [Thread-1    ] [INFO ]  Sending to topic fleet/vehicle/5003c4de-7890-11ec-8f05-c15432be9ccf/telemetry/iot:sensor:battery data: Timestamp: 1642532187534 Type: iot:sensor:batteryDataValue: 47.993682539179495 
2022-01-18 19:56:27,534 [Thread-1    ] [INFO ]  Sending to topic fleet/vehicle/5003c4de-7890-11ec-8f05-c15432be9ccf/telemetry/iot:sensor:gps data: Timestamp: 1642532187535 Type: iot:sensor:gpsDataValue: Longitude: 10.31146928333333 Latitude: 44.77231043333333 Altitude: 77.30086135864258 - provider location_provider_local 
2022-01-18 19:56:28,537 [Thread-1    ] [INFO ]  Sending to topic fleet/vehicle/5003c4de-7890-11ec-8f05-c15432be9ccf/telemetry/iot:sensor:battery data: Timestamp: 1642532188537 Type: iot:sensor:batteryDataValue: 47.26458492761281 
2022-01-18 19:56:28,537 [Thread-1    ] [INFO ]  Sending to topic fleet/vehicle/5003c4de-7890-11ec-8f05-c15432be9ccf/telemetry/iot:sensor:gps data: Timestamp: 1642532188538 Type: iot:sensor:gpsDataValue: Longitude: 10.31121928333333 Latitude: 44.77236441666667 Altitude: 77.30062103271484 - provider location_provider_local 
2022-01-18 19:56:29,539 [Thread-1    ] [INFO ]  Sending to topic fleet/vehicle/5003c4de-7890-11ec-8f05-c15432be9ccf/telemetry/iot:sensor:battery data: Timestamp: 1642532189540 Type: iot:sensor:batteryDataValue: 46.70142744634895 
2022-01-18 19:56:29,539 [Thread-1    ] [INFO ]  Sending to topic fleet/vehicle/5003c4de-7890-11ec-8f05-c15432be9ccf/telemetry/iot:sensor:gps data: Timestamp: 1642532189540 Type: iot:sensor:gpsDataValue: Longitude: 10.31097061666667 Latitude: 44.77241496666667 Altitude: 77.30038070678711 - provider location_provider_local 
2022-01-18 19:56:30,542 [Thread-1    ] [INFO ]  Sending to topic fleet/vehicle/5003c4de-7890-11ec-8f05-c15432be9ccf/telemetry/iot:sensor:battery data: Timestamp: 1642532190542 Type: iot:sensor:batteryDataValue: 46.52665955000571 
2022-01-18 19:56:30,543 [Thread-1    ] [INFO ]  Sending to topic fleet/vehicle/5003c4de-7890-11ec-8f05-c15432be9ccf/telemetry/iot:sensor:gps data: Timestamp: 1642532190543 Type: iot:sensor:gpsDataValue: Longitude: 10.31072291666667 Latitude: 44.77246425 Altitude: 77.30014038085938 - provider location_provider_local 
2022-01-18 19:56:31,544 [Thread-1    ] [INFO ]  Sending to topic fleet/vehicle/5003c4de-7890-11ec-8f05-c15432be9ccf/telemetry/iot:sensor:battery data: Timestamp: 1642532191545 Type: iot:sensor:batteryDataValue: 46.004420649007635 
2022-01-18 19:56:31,557 [Thread-1    ] [INFO ]  Sending to topic fleet/vehicle/5003c4de-7890-11ec-8f05-c15432be9ccf/telemetry/iot:sensor:gps data: Timestamp: 1642532191557 Type: iot:sensor:gpsDataValue: Longitude: 10.31023271666667 Latitude: 44.77256238333333 Altitude: 77.2996597290039 - provider location_provider_local 
2022-01-18 19:56:32,559 [Thread-1    ] [INFO ]  Sending to topic fleet/vehicle/5003c4de-7890-11ec-8f05-c15432be9ccf/telemetry/iot:sensor:battery data: Timestamp: 1642532192560 Type: iot:sensor:batteryDataValue: 45.16774980143689 
2022-01-18 19:56:32,560 [Thread-1    ] [INFO ]  Sending to topic fleet/vehicle/5003c4de-7890-11ec-8f05-c15432be9ccf/telemetry/iot:sensor:gps data: Timestamp: 1642532192561 Type: iot:sensor:gpsDataValue: Longitude: 10.30975065 Latitude: 44.77267423333334 Altitude: 78.2991943359375 - provider location_provider_local 
2022-01-18 19:56:33,563 [Thread-1    ] [INFO ]  Sending to topic fleet/vehicle/5003c4de-7890-11ec-8f05-c15432be9ccf/telemetry/iot:sensor:battery data: Timestamp: 1642532193563 Type: iot:sensor:batteryDataValue: 44.81204695439583 
2022-01-18 19:56:33,564 [Thread-1    ] [INFO ]  Sending to topic fleet/vehicle/5003c4de-7890-11ec-8f05-c15432be9ccf/telemetry/iot:sensor:gps data: Timestamp: 1642532193564 Type: iot:sensor:gpsDataValue: Longitude: 10.30928393333333 Latitude: 44.77281955 Altitude: 78.2987289428711 - provider location_provider_local 
2022-01-18 19:56:34,565 [Thread-1    ] [INFO ]  Sending to topic fleet/vehicle/5003c4de-7890-11ec-8f05-c15432be9ccf/telemetry/iot:sensor:battery data: Timestamp: 1642532194566 Type: iot:sensor:batteryDataValue: 44.27625153073776 
2022-01-18 19:56:34,566 [Thread-1    ] [INFO ]  Sending to topic fleet/vehicle/5003c4de-7890-11ec-8f05-c15432be9ccf/telemetry/iot:sensor:gps data: Timestamp: 1642532194566 Type: iot:sensor:gpsDataValue: Longitude: 10.30882556666667 Latitude: 44.77297631666666 Altitude: 79.29828643798828 - provider location_provider_local 
2022-01-18 19:56:35,568 [Thread-1    ] [INFO ]  Sending to topic fleet/vehicle/5003c4de-7890-11ec-8f05-c15432be9ccf/telemetry/iot:sensor:battery data: Timestamp: 1642532195568 Type: iot:sensor:batteryDataValue: 44.015767101012564 
2022-01-18 19:56:35,568 [Thread-1    ] [INFO ]  Sending to topic fleet/vehicle/5003c4de-7890-11ec-8f05-c15432be9ccf/telemetry/iot:sensor:gps data: Timestamp: 1642532195569 Type: iot:sensor:gpsDataValue: Longitude: 10.30859655 Latitude: 44.77305463333333 Altitude: 79.29806137084961 - provider location_provider_local 
2022-01-18 19:56:36,571 [Thread-1    ] [INFO ]  Sending to topic fleet/vehicle/5003c4de-7890-11ec-8f05-c15432be9ccf/telemetry/iot:sensor:battery data: Timestamp: 1642532196571 Type: iot:sensor:batteryDataValue: 43.401459627377875 
2022-01-18 19:56:36,572 [Thread-1    ] [INFO ]  Sending to topic fleet/vehicle/5003c4de-7890-11ec-8f05-c15432be9ccf/telemetry/iot:sensor:gps data: Timestamp: 1642532196572 Type: iot:sensor:gpsDataValue: Longitude: 10.30837808333333 Latitude: 44.773146 Altitude: 79.2978553771973 - provider location_provider_local 
2022-01-18 19:56:37,574 [Thread-1    ] [INFO ]  Sending to topic fleet/vehicle/5003c4de-7890-11ec-8f05-c15432be9ccf/telemetry/iot:sensor:battery data: Timestamp: 1642532197574 Type: iot:sensor:batteryDataValue: 42.73013312974832 
2022-01-18 19:56:37,575 [Thread-1    ] [INFO ]  Sending to topic fleet/vehicle/5003c4de-7890-11ec-8f05-c15432be9ccf/telemetry/iot:sensor:gps data: Timestamp: 1642532197575 Type: iot:sensor:gpsDataValue: Longitude: 10.30816078333333 Latitude: 44.77323804999998 Altitude: 79.29765701293945 - provider location_provider_local 
2022-01-18 19:56:38,577 [Thread-1    ] [INFO ]  Sending to topic fleet/vehicle/5003c4de-7890-11ec-8f05-c15432be9ccf/telemetry/iot:sensor:battery data: Timestamp: 1642532198578 Type: iot:sensor:batteryDataValue: 42.52525707484315 
2022-01-18 19:56:38,578 [Thread-1    ] [INFO ]  Sending to topic fleet/vehicle/5003c4de-7890-11ec-8f05-c15432be9ccf/telemetry/iot:sensor:gps data: Timestamp: 1642532198578 Type: iot:sensor:gpsDataValue: Longitude: 10.30777436666667 Latitude: 44.77347378333334 Altitude: 79.29726028442383 - provider location_provider_local 
2022-01-18 19:56:39,581 [Thread-1    ] [INFO ]  Sending to topic fleet/vehicle/5003c4de-7890-11ec-8f05-c15432be9ccf/telemetry/iot:sensor:battery data: Timestamp: 1642532199581 Type: iot:sensor:batteryDataValue: 41.61743453299014 
2022-01-18 19:56:39,581 [Thread-1    ] [INFO ]  Sending to topic fleet/vehicle/5003c4de-7890-11ec-8f05-c15432be9ccf/telemetry/iot:sensor:gps data: Timestamp: 1642532199582 Type: iot:sensor:gpsDataValue: Longitude: 10.3074101 Latitude: 44.77372680000002 Altitude: 79.29690551757812 - provider location_provider_local 
2022-01-18 19:56:40,584 [Thread-1    ] [INFO ]  Sending to topic fleet/vehicle/5003c4de-7890-11ec-8f05-c15432be9ccf/telemetry/iot:sensor:battery data: Timestamp: 1642532200584 Type: iot:sensor:batteryDataValue: 41.10877201571319 
2022-01-18 19:56:40,585 [Thread-1    ] [INFO ]  Sending to topic fleet/vehicle/5003c4de-7890-11ec-8f05-c15432be9ccf/telemetry/iot:sensor:gps data: Timestamp: 1642532200585 Type: iot:sensor:gpsDataValue: Longitude: 10.30709481666667 Latitude: 44.77402471666666 Altitude: 80.29660415649414 - provider location_provider_local 
2022-01-18 19:56:41,587 [Thread-1    ] [INFO ]  Sending to topic fleet/vehicle/5003c4de-7890-11ec-8f05-c15432be9ccf/telemetry/iot:sensor:battery data: Timestamp: 1642532201588 Type: iot:sensor:batteryDataValue: 40.05856426835326 
2022-01-18 19:56:41,588 [Thread-1    ] [INFO ]  Sending to topic fleet/vehicle/5003c4de-7890-11ec-8f05-c15432be9ccf/telemetry/iot:sensor:gps data: Timestamp: 1642532201589 Type: iot:sensor:gpsDataValue: Longitude: 10.30693596666667 Latitude: 44.77418048333334 Altitude: 80.29643630981445 - provider location_provider_local 
2022-01-18 19:56:42,591 [Thread-1    ] [INFO ]  Sending to topic fleet/vehicle/5003c4de-7890-11ec-8f05-c15432be9ccf/telemetry/iot:sensor:battery data: Timestamp: 1642532202591 Type: iot:sensor:batteryDataValue: 39.340926619020195 
2022-01-18 19:56:42,592 [Thread-1    ] [INFO ]  Sending to topic fleet/vehicle/5003c4de-7890-11ec-8f05-c15432be9ccf/telemetry/iot:sensor:gps data: Timestamp: 1642532202592 Type: iot:sensor:gpsDataValue: Longitude: 10.3067854 Latitude: 44.77434206666667 Altitude: 80.29628372192383 - provider location_provider_local 
2022-01-18 19:56:43,594 [Thread-1    ] [INFO ]  Sending to topic fleet/vehicle/5003c4de-7890-11ec-8f05-c15432be9ccf/telemetry/iot:sensor:battery data: Timestamp: 1642532203594 Type: iot:sensor:batteryDataValue: 38.998753482333456 
2022-01-18 19:56:43,595 [Thread-1    ] [INFO ]  Sending to topic fleet/vehicle/5003c4de-7890-11ec-8f05-c15432be9ccf/telemetry/iot:sensor:gps data: Timestamp: 1642532203595 Type: iot:sensor:gpsDataValue: Longitude: 10.30647898333333 Latitude: 44.77467005 Altitude: 80.29598617553711 - provider location_provider_local 
2022-01-18 19:56:44,597 [Thread-1    ] [INFO ]  Sending to topic fleet/vehicle/5003c4de-7890-11ec-8f05-c15432be9ccf/telemetry/iot:sensor:battery data: Timestamp: 1642532204597 Type: iot:sensor:batteryDataValue: 38.70332767702505 
2022-01-18 19:56:44,597 [Thread-1    ] [INFO ]  Sending to topic fleet/vehicle/5003c4de-7890-11ec-8f05-c15432be9ccf/telemetry/iot:sensor:gps data: Timestamp: 1642532204598 Type: iot:sensor:gpsDataValue: Longitude: 10.30617643333333 Latitude: 44.77500673333334 Altitude: 80.29568099975586 - provider location_provider_local 
2022-01-18 19:56:45,600 [Thread-1    ] [INFO ]  Sending to topic fleet/vehicle/5003c4de-7890-11ec-8f05-c15432be9ccf/telemetry/iot:sensor:battery data: Timestamp: 1642532205600 Type: iot:sensor:batteryDataValue: 38.34200610923147 
2022-01-18 19:56:45,600 [Thread-1    ] [INFO ]  Sending to topic fleet/vehicle/5003c4de-7890-11ec-8f05-c15432be9ccf/telemetry/iot:sensor:gps data: Timestamp: 1642532205601 Type: iot:sensor:gpsDataValue: Longitude: 10.30602915 Latitude: 44.77517681666667 Altitude: 81.29554748535156 - provider location_provider_local 
2022-01-18 19:56:46,603 [Thread-1    ] [INFO ]  Sending to topic fleet/vehicle/5003c4de-7890-11ec-8f05-c15432be9ccf/telemetry/iot:sensor:battery data: Timestamp: 1642532206603 Type: iot:sensor:batteryDataValue: 37.39413180773259 
2022-01-18 19:56:46,604 [Thread-1    ] [INFO ]  Sending to topic fleet/vehicle/5003c4de-7890-11ec-8f05-c15432be9ccf/telemetry/iot:sensor:gps data: Timestamp: 1642532206604 Type: iot:sensor:gpsDataValue: Longitude: 10.30573628333333 Latitude: 44.77551625 Altitude: 81.29524612426758 - provider location_provider_local 
2022-01-18 19:56:47,606 [Thread-1    ] [INFO ]  Sending to topic fleet/vehicle/5003c4de-7890-11ec-8f05-c15432be9ccf/telemetry/iot:sensor:battery data: Timestamp: 1642532207607 Type: iot:sensor:batteryDataValue: 36.36775873477938 
2022-01-18 19:56:47,607 [Thread-1    ] [INFO ]  Sending to topic fleet/vehicle/5003c4de-7890-11ec-8f05-c15432be9ccf/telemetry/iot:sensor:gps data: Timestamp: 1642532207608 Type: iot:sensor:gpsDataValue: Longitude: 10.30544073333333 Latitude: 44.77584863333333 Altitude: 81.29496383666992 - provider location_provider_local 
2022-01-18 19:56:48,609 [Thread-1    ] [INFO ]  Sending to topic fleet/vehicle/5003c4de-7890-11ec-8f05-c15432be9ccf/telemetry/iot:sensor:battery data: Timestamp: 1642532208610 Type: iot:sensor:batteryDataValue: 35.48539765778829 
2022-01-18 19:56:48,622 [Thread-1    ] [INFO ]  Sending to topic fleet/vehicle/5003c4de-7890-11ec-8f05-c15432be9ccf/telemetry/iot:sensor:gps data: Timestamp: 1642532208622 Type: iot:sensor:gpsDataValue: Longitude: 10.30529261666667 Latitude: 44.7760157 Altitude: 81.29481506347656 - provider location_provider_local 
2022-01-18 19:56:49,624 [Thread-1    ] [INFO ]  Sending to topic fleet/vehicle/5003c4de-7890-11ec-8f05-c15432be9ccf/telemetry/iot:sensor:battery data: Timestamp: 1642532209625 Type: iot:sensor:batteryDataValue: 35.19823346021211 
2022-01-18 19:56:49,625 [Thread-1    ] [INFO ]  Sending to topic fleet/vehicle/5003c4de-7890-11ec-8f05-c15432be9ccf/telemetry/iot:sensor:gps data: Timestamp: 1642532209625 Type: iot:sensor:gpsDataValue: Longitude: 10.3051348 Latitude: 44.77619276666666 Altitude: 81.29466247558594 - provider location_provider_local 
2022-01-18 19:56:50,628 [Thread-1    ] [INFO ]  Sending to topic fleet/vehicle/5003c4de-7890-11ec-8f05-c15432be9ccf/telemetry/iot:sensor:battery data: Timestamp: 1642532210628 Type: iot:sensor:batteryDataValue: 34.326949983015645 
2022-01-18 19:56:50,628 [Thread-1    ] [INFO ]  Sending to topic fleet/vehicle/5003c4de-7890-11ec-8f05-c15432be9ccf/telemetry/iot:sensor:gps data: Timestamp: 1642532210629 Type: iot:sensor:gpsDataValue: Longitude: 10.30481866666667 Latitude: 44.77654916666667 Altitude: 81.29433822631836 - provider location_provider_local 
2022-01-18 19:56:51,630 [Thread-1    ] [INFO ]  Sending to topic fleet/vehicle/5003c4de-7890-11ec-8f05-c15432be9ccf/telemetry/iot:sensor:battery data: Timestamp: 1642532211630 Type: iot:sensor:batteryDataValue: 33.239359964147766 
2022-01-18 19:56:51,630 [Thread-1    ] [INFO ]  Sending to topic fleet/vehicle/5003c4de-7890-11ec-8f05-c15432be9ccf/telemetry/iot:sensor:gps data: Timestamp: 1642532211631 Type: iot:sensor:gpsDataValue: Longitude: 10.30450391666667 Latitude: 44.77691069999999 Altitude: 81.29403686523438 - provider location_provider_local 
2022-01-18 19:56:52,632 [Thread-1    ] [INFO ]  Sending to topic fleet/vehicle/5003c4de-7890-11ec-8f05-c15432be9ccf/telemetry/iot:sensor:battery data: Timestamp: 1642532212633 Type: iot:sensor:batteryDataValue: 32.88816769407292 
2022-01-18 19:56:52,633 [Thread-1    ] [INFO ]  Sending to topic fleet/vehicle/5003c4de-7890-11ec-8f05-c15432be9ccf/telemetry/iot:sensor:gps data: Timestamp: 1642532212633 Type: iot:sensor:gpsDataValue: Longitude: 10.30419635 Latitude: 44.77725791666666 Altitude: 81.29373550415039 - provider location_provider_local 
2022-01-18 19:56:53,636 [Thread-1    ] [INFO ]  Sending to topic fleet/vehicle/5003c4de-7890-11ec-8f05-c15432be9ccf/telemetry/iot:sensor:battery data: Timestamp: 1642532213636 Type: iot:sensor:batteryDataValue: 32.64380662853768 
2022-01-18 19:56:53,637 [Thread-1    ] [INFO ]  Sending to topic fleet/vehicle/5003c4de-7890-11ec-8f05-c15432be9ccf/telemetry/iot:sensor:gps data: Timestamp: 1642532213637 Type: iot:sensor:gpsDataValue: Longitude: 10.3038888 Latitude: 44.77757718333334 Altitude: 81.29343795776367 - provider location_provider_local 
2022-01-18 19:56:54,639 [Thread-1    ] [INFO ]  Sending to topic fleet/vehicle/5003c4de-7890-11ec-8f05-c15432be9ccf/telemetry/iot:sensor:battery data: Timestamp: 1642532214640 Type: iot:sensor:batteryDataValue: 31.625683848313138 
2022-01-18 19:56:54,640 [Thread-1    ] [INFO ]  Sending to topic fleet/vehicle/5003c4de-7890-11ec-8f05-c15432be9ccf/telemetry/iot:sensor:gps data: Timestamp: 1642532214641 Type: iot:sensor:gpsDataValue: Longitude: 10.30359061666666 Latitude: 44.77786348333333 Altitude: 81.29313278198242 - provider location_provider_local 
2022-01-18 19:56:55,643 [Thread-1    ] [INFO ]  Sending to topic fleet/vehicle/5003c4de-7890-11ec-8f05-c15432be9ccf/telemetry/iot:sensor:battery data: Timestamp: 1642532215643 Type: iot:sensor:batteryDataValue: 30.930591674644422 
2022-01-18 19:56:55,644 [Thread-1    ] [INFO ]  Sending to topic fleet/vehicle/5003c4de-7890-11ec-8f05-c15432be9ccf/telemetry/iot:sensor:gps data: Timestamp: 1642532215644 Type: iot:sensor:gpsDataValue: Longitude: 10.30329111666667 Latitude: 44.7781349 Altitude: 81.2928352355957 - provider location_provider_local 
2022-01-18 19:56:56,646 [Thread-1    ] [INFO ]  Sending to topic fleet/vehicle/5003c4de-7890-11ec-8f05-c15432be9ccf/telemetry/iot:sensor:battery data: Timestamp: 1642532216647 Type: iot:sensor:batteryDataValue: 30.476571180263107 
2022-01-18 19:56:56,647 [Thread-1    ] [INFO ]  Sending to topic fleet/vehicle/5003c4de-7890-11ec-8f05-c15432be9ccf/telemetry/iot:sensor:gps data: Timestamp: 1642532216647 Type: iot:sensor:gpsDataValue: Longitude: 10.302984 Latitude: 44.77839233333334 Altitude: 81.29253387451172 - provider location_provider_local 
2022-01-18 19:56:57,649 [Thread-1    ] [INFO ]  Sending to topic fleet/vehicle/5003c4de-7890-11ec-8f05-c15432be9ccf/telemetry/iot:sensor:battery data: Timestamp: 1642532217649 Type: iot:sensor:batteryDataValue: 30.073879085355603 
2022-01-18 19:56:57,650 [Thread-1    ] [INFO ]  Sending to topic fleet/vehicle/5003c4de-7890-11ec-8f05-c15432be9ccf/telemetry/iot:sensor:gps data: Timestamp: 1642532217650 Type: iot:sensor:gpsDataValue: Longitude: 10.30269273333333 Latitude: 44.77865033333334 Altitude: 81.29225158691406 - provider location_provider_local 
2022-01-18 19:56:58,652 [Thread-1    ] [INFO ]  Sending to topic fleet/vehicle/5003c4de-7890-11ec-8f05-c15432be9ccf/telemetry/iot:sensor:battery data: Timestamp: 1642532218652 Type: iot:sensor:batteryDataValue: 29.893127861196675 
2022-01-18 19:56:58,652 [Thread-1    ] [INFO ]  Sending to topic fleet/vehicle/5003c4de-7890-11ec-8f05-c15432be9ccf/telemetry/iot:sensor:gps data: Timestamp: 1642532218653 Type: iot:sensor:gpsDataValue: Longitude: 10.30254433333333 Latitude: 44.77877795000001 Altitude: 81.2921028137207 - provider location_provider_local 
2022-01-18 19:56:59,655 [Thread-1    ] [INFO ]  Sending to topic fleet/vehicle/5003c4de-7890-11ec-8f05-c15432be9ccf/telemetry/iot:sensor:battery data: Timestamp: 1642532219656 Type: iot:sensor:batteryDataValue: 29.395400862045467 
2022-01-18 19:56:59,656 [Thread-1    ] [INFO ]  Sending to topic fleet/vehicle/5003c4de-7890-11ec-8f05-c15432be9ccf/telemetry/iot:sensor:gps data: Timestamp: 1642532219657 Type: iot:sensor:gpsDataValue: Longitude: 10.30222806666667 Latitude: 44.77900851666667 Altitude: 81.29178237915039 - provider location_provider_local 
2022-01-18 19:57:00,659 [Thread-1    ] [INFO ]  Sending to topic fleet/vehicle/5003c4de-7890-11ec-8f05-c15432be9ccf/telemetry/iot:sensor:battery data: Timestamp: 1642532220659 Type: iot:sensor:batteryDataValue: 29.175299297643132 
2022-01-18 19:57:00,659 [Thread-1    ] [INFO ]  Sending to topic fleet/vehicle/5003c4de-7890-11ec-8f05-c15432be9ccf/telemetry/iot:sensor:gps data: Timestamp: 1642532220660 Type: iot:sensor:gpsDataValue: Longitude: 10.30190313333333 Latitude: 44.77922906666667 Altitude: 81.29146575927734 - provider location_provider_local 
2022-01-18 19:57:01,661 [Thread-1    ] [INFO ]  Sending to topic fleet/vehicle/5003c4de-7890-11ec-8f05-c15432be9ccf/telemetry/iot:sensor:battery data: Timestamp: 1642532221661 Type: iot:sensor:batteryDataValue: 28.408050281843636 
2022-01-18 19:57:01,661 [Thread-1    ] [INFO ]  Sending to topic fleet/vehicle/5003c4de-7890-11ec-8f05-c15432be9ccf/telemetry/iot:sensor:gps data: Timestamp: 1642532221662 Type: iot:sensor:gpsDataValue: Longitude: 10.30155143333333 Latitude: 44.77943108333334 Altitude: 81.29113006591797 - provider location_provider_local 
2022-01-18 19:57:02,664 [Thread-1    ] [INFO ]  Sending to topic fleet/vehicle/5003c4de-7890-11ec-8f05-c15432be9ccf/telemetry/iot:sensor:battery data: Timestamp: 1642532222665 Type: iot:sensor:batteryDataValue: 27.919909008591173 
2022-01-18 19:57:02,665 [Thread-1    ] [INFO ]  Sending to topic fleet/vehicle/5003c4de-7890-11ec-8f05-c15432be9ccf/telemetry/iot:sensor:gps data: Timestamp: 1642532222665 Type: iot:sensor:gpsDataValue: Longitude: 10.30135081666667 Latitude: 44.77951270000001 Altitude: 81.29092788696289 - provider location_provider_local 
2022-01-18 19:57:03,668 [Thread-1    ] [INFO ]  Sending to topic fleet/vehicle/5003c4de-7890-11ec-8f05-c15432be9ccf/telemetry/iot:sensor:battery data: Timestamp: 1642532223668 Type: iot:sensor:batteryDataValue: 27.50263541388639 
2022-01-18 19:57:03,668 [Thread-1    ] [INFO ]  Sending to topic fleet/vehicle/5003c4de-7890-11ec-8f05-c15432be9ccf/telemetry/iot:sensor:gps data: Timestamp: 1642532223669 Type: iot:sensor:gpsDataValue: Longitude: 10.30092163333333 Latitude: 44.77964088333334 Altitude: 82.2905158996582 - provider location_provider_local 
2022-01-18 19:57:04,671 [Thread-1    ] [INFO ]  Sending to topic fleet/vehicle/5003c4de-7890-11ec-8f05-c15432be9ccf/telemetry/iot:sensor:battery data: Timestamp: 1642532224671 Type: iot:sensor:batteryDataValue: 26.552950928976436 
2022-01-18 19:57:04,672 [Thread-1    ] [INFO ]  Sending to topic fleet/vehicle/5003c4de-7890-11ec-8f05-c15432be9ccf/telemetry/iot:sensor:gps data: Timestamp: 1642532224672 Type: iot:sensor:gpsDataValue: Longitude: 10.30069526666667 Latitude: 44.77969023333333 Altitude: 82.2902946472168 - provider location_provider_local 
2022-01-18 19:57:05,674 [Thread-1    ] [INFO ]  Sending to topic fleet/vehicle/5003c4de-7890-11ec-8f05-c15432be9ccf/telemetry/iot:sensor:battery data: Timestamp: 1642532225675 Type: iot:sensor:batteryDataValue: 26.08081810383987 
2022-01-18 19:57:05,675 [Thread-1    ] [INFO ]  Sending to topic fleet/vehicle/5003c4de-7890-11ec-8f05-c15432be9ccf/telemetry/iot:sensor:gps data: Timestamp: 1642532225676 Type: iot:sensor:gpsDataValue: Longitude: 10.30024321666667 Latitude: 44.77979860000001 Altitude: 82.28984832763672 - provider location_provider_local 
2022-01-18 19:57:06,677 [Thread-1    ] [INFO ]  Sending to topic fleet/vehicle/5003c4de-7890-11ec-8f05-c15432be9ccf/telemetry/iot:sensor:battery data: Timestamp: 1642532226677 Type: iot:sensor:batteryDataValue: 25.687902981170055 
2022-01-18 19:57:06,677 [Thread-1    ] [INFO ]  Sending to topic fleet/vehicle/5003c4de-7890-11ec-8f05-c15432be9ccf/telemetry/iot:sensor:gps data: Timestamp: 1642532226677 Type: iot:sensor:gpsDataValue: Longitude: 10.30000921666667 Latitude: 44.77984691666667 Altitude: 82.28963088989258 - provider location_provider_local 
2022-01-18 19:57:07,679 [Thread-1    ] [INFO ]  Sending to topic fleet/vehicle/5003c4de-7890-11ec-8f05-c15432be9ccf/telemetry/iot:sensor:battery data: Timestamp: 1642532227679 Type: iot:sensor:batteryDataValue: 24.941445775209893 
2022-01-18 19:57:07,692 [Thread-1    ] [INFO ]  Sending to topic fleet/vehicle/5003c4de-7890-11ec-8f05-c15432be9ccf/telemetry/iot:sensor:gps data: Timestamp: 1642532227692 Type: iot:sensor:gpsDataValue: Longitude: 10.29977246666667 Latitude: 44.77989080000001 Altitude: 82.2894058227539 - provider location_provider_local 
2022-01-18 19:57:08,694 [Thread-1    ] [INFO ]  Sending to topic fleet/vehicle/5003c4de-7890-11ec-8f05-c15432be9ccf/telemetry/iot:sensor:battery data: Timestamp: 1642532228695 Type: iot:sensor:batteryDataValue: 24.465947593412096 
2022-01-18 19:57:08,695 [Thread-1    ] [INFO ]  Sending to topic fleet/vehicle/5003c4de-7890-11ec-8f05-c15432be9ccf/telemetry/iot:sensor:gps data: Timestamp: 1642532228695 Type: iot:sensor:gpsDataValue: Longitude: 10.2992812 Latitude: 44.77996073333334 Altitude: 82.2889289855957 - provider location_provider_local 
