2022-01-18 19:56:21,508 [MainThread  ] [INFO ]  MQTT Client Connected! ClientId: 5003c4de-7890-11ec-8f05-c15432be9ccf
2022-01-19 14:55:07,027 [MainThread  ] [INFO ]  MQTT Client Connected! ClientId: 65332f80-792f-11ec-8f05-c15432be9ccf
2022-01-19 19:20:30,992 [MainThread  ] [INFO ]  MQTT Client Connected! ClientId: 789ea50c-7954-11ec-8f05-c15432be9ccf
2022-01-19 19:21:24,414 [MainThread  ] [INFO ]  MQTT Client Connected! ClientId: 9876e8b2-7954-11ec-8f05-c15432be9ccf
2022-01-19 19:22:24,400 [MainThread  ] [INFO ]  MQTT Client Connected! ClientId: bc38381e-7954-11ec-8f05-c15432be9ccf
2022-01-19 23:02:21,985 [MainThread  ] [INFO ]  MQTT Client Connected! ClientId: 769739bc-7973-11ec-8f05-c15432be9ccf
2022-01-20 14:51:03,028 [MainThread  ] [INFO ]  MQTT Client Connected! ClientId: fe280a44-79f7-11ec-a820-5ff5fbc104a7
2022-01-20 16:28:50,508 [MainThread  ] [INFO ]  MQTT Client Connected! ClientId: a77648d8-7a05-11ec-a820-5ff5fbc104a7
2022-01-20 16:31:00,547 [MainThread  ] [INFO ]  MQTT Client Connected! ClientId: f4fa0702-7a05-11ec-a820-5ff5fbc104a7
2022-01-20 16:31:52,434 [MainThread  ] [INFO ]  MQTT Client Connected! ClientId: 13e52e76-7a06-11ec-a820-5ff5fbc104a7
2022-01-20 16:37:35,803 [MainThread  ] [INFO ]  MQTT Client Connected! ClientId: e09180d2-7a06-11ec-a820-5ff5fbc104a7
2022-01-20 16:39:53,666 [MainThread  ] [INFO ]  MQTT Client Connected! ClientId: 32be9610-7a07-11ec-a820-5ff5fbc104a7
2022-01-20 16:40:12,168 [MainThread  ] [INFO ]  MQTT Client Connected! ClientId: 3dbed9d0-7a07-11ec-a820-5ff5fbc104a7
2022-01-20 16:45:52,919 [MainThread  ] [INFO ]  MQTT Client Connected! ClientId: 08deea24-7a08-11ec-a820-5ff5fbc104a7
2022-01-20 16:47:15,366 [MainThread  ] [INFO ]  MQTT Client Connected! ClientId: 3a0401f2-7a08-11ec-a820-5ff5fbc104a7
2022-01-20 16:48:57,103 [MainThread  ] [INFO ]  MQTT Client Connected! ClientId: 76a74be6-7a08-11ec-a820-5ff5fbc104a7
2022-01-20 16:49:54,747 [MainThread  ] [INFO ]  MQTT Client Connected! ClientId: 99034780-7a08-11ec-a820-5ff5fbc104a7
2022-01-21 14:35:36,367 [MainThread  ] [INFO ]  MQTT Client Connected! ClientId: 0041efee-7abf-11ec-a820-5ff5fbc104a7
2022-01-21 15:52:10,191 [MainThread  ] [INFO ]  MQTT Client Connected! ClientId: b2622914-7ac9-11ec-a820-5ff5fbc104a7
2022-01-21 16:02:27,037 [MainThread  ] [INFO ]  MQTT Client Connected! ClientId: 1facdbc6-7acb-11ec-a820-5ff5fbc104a7
2022-01-21 16:04:31,033 [MainThread  ] [INFO ]  MQTT Client Connected! ClientId: 6995cc98-7acb-11ec-a820-5ff5fbc104a7
2022-01-21 16:25:07,976 [MainThread  ] [INFO ]  MQTT Client Connected! ClientId: 4adbb940-7ace-11ec-a820-5ff5fbc104a7
2022-01-21 16:52:28,905 [MainThread  ] [INFO ]  MQTT Client Connected! ClientId: 1cec5a86-7ad2-11ec-a820-5ff5fbc104a7
2022-01-21 17:05:49,600 [MainThread  ] [INFO ]  MQTT Client Connected! ClientId: fa2e2af4-7ad3-11ec-a820-5ff5fbc104a7
2022-01-21 17:10:55,936 [MainThread  ] [INFO ]  MQTT Client Connected! ClientId: b0c4296c-7ad4-11ec-a820-5ff5fbc104a7
2022-01-21 19:16:54,656 [MainThread  ] [ERROR]  Error Initializing Vehicle Process | Msg: ~/Documents/certificati/awsCert/RootCA.crt: No such file or directory
2022-01-21 19:17:44,624 [MainThread  ] [ERROR]  Error Initializing Vehicle Process | Msg: ~/Documents/certificati/awsCert/root-CA.crt: No such file or directory
2022-01-21 19:19:56,524 [MainThread  ] [ERROR]  Error Initializing Vehicle Process | Msg: /home/mramos/Documents/certificati/awsCert/flee-vehicle.cert.pem: No such file or directory
2022-01-21 19:20:39,903 [MainThread  ] [INFO ]  MQTT Client Connected! ClientId: d05e7662-7ae6-11ec-a820-5ff5fbc104a7
2022-01-21 19:29:45,606 [MainThread  ] [INFO ]  MQTT Client Connected! ClientId: 15a245c2-7ae8-11ec-a820-5ff5fbc104a7
2022-01-21 19:46:47,836 [MainThread  ] [INFO ]  MQTT Client Connected! ClientId: 76ec730a-7aea-11ec-a820-5ff5fbc104a7
2022-01-21 19:52:42,715 [MainThread  ] [ERROR]  Error Initializing Vehicle Process | Msg: '<=' not supported between instances of 'str' and 'int'
2022-01-22 16:50:44,114 [MainThread  ] [INFO ]  Connecting...
2022-01-22 16:53:47,316 [MainThread  ] [INFO ]  Connecting...
2022-01-22 19:38:02,866 [MainThread  ] [INFO ]  Connecting...
2022-01-22 19:38:07,894 [MainThread  ] [ERROR]  Error Initializing Vehicle Process | Msg: AWS_IO_SOCKET_TIMEOUT: socket operation timed out.
2022-01-22 19:40:26,051 [MainThread  ] [INFO ]  Connecting...
2022-01-22 19:40:31,085 [MainThread  ] [ERROR]  Error Initializing Vehicle Process | Msg: AWS_IO_SOCKET_TIMEOUT: socket operation timed out.
2022-01-22 19:40:55,824 [MainThread  ] [ERROR]  Error Setup Aws Connection| msg: Builder needs keyword-only argument 'client_bootstrap'
2022-01-22 19:40:55,824 [MainThread  ] [INFO ]  Connecting...
2022-01-22 19:40:55,824 [MainThread  ] [ERROR]  Error Initializing Vehicle Process | Msg: 'VehicleSmartObjectProcess' object has no attribute 'mqttClient'
2022-01-22 19:41:38,913 [MainThread  ] [INFO ]  Connecting...
2022-01-22 19:41:43,942 [MainThread  ] [ERROR]  Error Initializing Vehicle Process | Msg: AWS_IO_SOCKET_TIMEOUT: socket operation timed out.
2022-01-24 15:51:47,076 [MainThread  ] [INFO ]  Connecting...
2022-01-24 15:51:52,101 [MainThread  ] [ERROR]  Error Initializing Vehicle Process | Msg: AWS_IO_SOCKET_TIMEOUT: socket operation timed out.
2022-01-24 15:54:36,926 [MainThread  ] [INFO ]  Connecting...
2022-01-24 15:54:41,963 [MainThread  ] [ERROR]  Error Initializing Vehicle Process | Msg: AWS_IO_SOCKET_TIMEOUT: socket operation timed out.
2022-01-25 19:01:53,841 [MainThread  ] [INFO ]  Connecting...
2022-01-25 19:01:58,951 [MainThread  ] [ERROR]  Error Initializing Vehicle Process | Msg: AWS_IO_SOCKET_TIMEOUT: socket operation timed out.
2022-01-25 19:10:22,985 [MainThread  ] [ERROR]  Error Setup Aws Connection| msg: [Errno 2] No such file or directory: 'certificates/bbc42515ab1b9c1e7a02914f19de350cc70c8f63d4ea8774c8dc0f19c41eb65-dcertificate.pem.crt'
2022-01-25 19:10:22,985 [MainThread  ] [INFO ]  Connecting...
2022-01-25 19:10:22,986 [MainThread  ] [ERROR]  Error Initializing Vehicle Process | Msg: 'VehicleSmartObjectProcess' object has no attribute 'mqttClient'
2022-01-25 19:13:04,459 [MainThread  ] [ERROR]  Error Setup Aws Connection| msg: [Errno 2] No such file or directory: 'certificates/bbc42515ab1b9c1e7a02914f19de350cc70c8f63d4ea8774c8dc0f19c41eb65-dcertificate.pem.crt'
2022-01-25 19:13:04,459 [MainThread  ] [INFO ]  Connecting...
2022-01-25 19:13:04,460 [MainThread  ] [ERROR]  Error Initializing Vehicle Process | Msg: 'VehicleSmartObjectProcess' object has no attribute 'mqttClient'
2022-01-25 19:13:41,564 [MainThread  ] [INFO ]  Connecting...
2022-01-25 19:13:46,750 [MainThread  ] [ERROR]  Error Initializing Vehicle Process | Msg: AWS_IO_SOCKET_TIMEOUT: socket operation timed out.
2022-01-25 19:18:32,879 [MainThread  ] [INFO ]  Connecting...
2022-01-25 19:18:37,987 [MainThread  ] [ERROR]  Error Initializing Vehicle Process | Msg: AWS_IO_SOCKET_TIMEOUT: socket operation timed out.
2022-01-25 19:19:20,072 [MainThread  ] [INFO ]  Connecting...
2022-01-25 19:19:25,146 [MainThread  ] [ERROR]  Error Initializing Vehicle Process | Msg: AWS_IO_SOCKET_TIMEOUT: socket operation timed out.
2022-01-25 19:29:08,551 [MainThread  ] [INFO ]  Connecting...
2022-01-25 19:29:13,626 [MainThread  ] [ERROR]  Error Initializing Vehicle Process | Msg: AWS_IO_SOCKET_TIMEOUT: socket operation timed out.
2022-01-25 19:31:30,830 [MainThread  ] [INFO ]  Connecting...
2022-01-25 19:31:35,898 [MainThread  ] [ERROR]  Error Initializing Vehicle Process | Msg: AWS_IO_SOCKET_TIMEOUT: socket operation timed out.
2022-01-25 19:31:41,889 [MainThread  ] [INFO ]  Connecting...
2022-01-25 19:31:46,895 [MainThread  ] [ERROR]  Error Initializing Vehicle Process | Msg: AWS_IO_SOCKET_TIMEOUT: socket operation timed out.
2022-01-25 19:42:06,892 [MainThread  ] [INFO ]  Connecting...
2022-01-25 19:42:11,975 [MainThread  ] [ERROR]  Error Initializing Vehicle Process | Msg: AWS_IO_SOCKET_TIMEOUT: socket operation timed out.
2022-01-25 19:42:17,567 [MainThread  ] [INFO ]  Connecting...
2022-01-25 19:42:22,571 [MainThread  ] [ERROR]  Error Initializing Vehicle Process | Msg: AWS_IO_SOCKET_TIMEOUT: socket operation timed out.
2022-01-25 19:45:42,930 [MainThread  ] [INFO ]  Connecting...
2022-01-25 19:45:47,991 [MainThread  ] [ERROR]  Error Initializing Vehicle Process | Msg: AWS_IO_SOCKET_TIMEOUT: socket operation timed out.
2022-01-25 19:53:24,905 [MainThread  ] [INFO ]  Connecting...
2022-01-25 19:53:30,006 [MainThread  ] [ERROR]  Error Initializing Vehicle Process | Msg: AWS_IO_SOCKET_TIMEOUT: socket operation timed out.
2022-01-25 19:54:34,351 [MainThread  ] [INFO ]  Connecting...
2022-01-25 19:54:39,355 [MainThread  ] [ERROR]  Error Initializing Vehicle Process | Msg: AWS_IO_SOCKET_TIMEOUT: socket operation timed out.
2022-01-25 20:00:08,604 [MainThread  ] [INFO ]  Connecting...
2022-01-25 20:00:10,606 [MainThread  ] [ERROR]  Error Initializing Vehicle Process | Msg: a bytes-like object is required, not 'tuple'
2022-01-25 20:01:05,268 [MainThread  ] [INFO ]  Connecting...
2022-01-25 20:01:07,270 [MainThread  ] [ERROR]  Error Initializing Vehicle Process | Msg: a bytes-like object is required, not 'tuple'
2022-01-25 20:01:52,553 [MainThread  ] [INFO ]  Connecting...
2022-01-25 20:01:57,679 [MainThread  ] [ERROR]  Error Initializing Vehicle Process | Msg: AWS_IO_SOCKET_TIMEOUT: socket operation timed out.
2022-01-25 20:05:17,350 [MainThread  ] [INFO ]  Connecting...
2022-01-25 20:05:22,471 [MainThread  ] [ERROR]  Error Initializing Vehicle Process | Msg: AWS_IO_SOCKET_TIMEOUT: socket operation timed out.
2022-01-25 20:05:30,231 [MainThread  ] [INFO ]  Connecting...
2022-01-25 20:05:35,235 [MainThread  ] [ERROR]  Error Initializing Vehicle Process | Msg: AWS_IO_SOCKET_TIMEOUT: socket operation timed out.
2022-01-25 20:08:15,327 [MainThread  ] [INFO ]  Connecting...
2022-01-25 20:08:17,330 [MainThread  ] [ERROR]  Error Initializing Vehicle Process | Msg: AWS_ERROR_MQTT_UNEXPECTED_HANGUP: The connection was closed unexpectedly.
2022-01-25 20:09:59,942 [MainThread  ] [INFO ]  Connecting...
2022-01-25 20:10:01,943 [MainThread  ] [ERROR]  Error Initializing Vehicle Process | Msg: AWS_ERROR_MQTT_UNEXPECTED_HANGUP: The connection was closed unexpectedly.
2022-01-25 20:10:23,515 [MainThread  ] [INFO ]  Connecting...
2022-01-25 20:10:25,517 [MainThread  ] [ERROR]  Error Initializing Vehicle Process | Msg: AWS_ERROR_MQTT_UNEXPECTED_HANGUP: The connection was closed unexpectedly.
2022-01-25 20:11:25,026 [MainThread  ] [INFO ]  Connecting...
2022-01-25 20:11:30,111 [MainThread  ] [ERROR]  Error Initializing Vehicle Process | Msg: AWS_IO_SOCKET_TIMEOUT: socket operation timed out.
2022-01-25 20:11:38,261 [MainThread  ] [INFO ]  Connecting...
2022-01-25 20:11:43,267 [MainThread  ] [ERROR]  Error Initializing Vehicle Process | Msg: AWS_IO_SOCKET_TIMEOUT: socket operation timed out.
2022-01-25 20:11:54,634 [MainThread  ] [INFO ]  Connecting...
2022-01-25 20:11:54,970 [MainThread  ] [ERROR]  Error Initializing Vehicle Process | Msg: AWS_ERROR_MQTT_UNEXPECTED_HANGUP: The connection was closed unexpectedly.
2022-01-25 20:13:29,152 [MainThread  ] [INFO ]  Connecting...
2022-01-25 20:13:39,699 [MainThread  ] [INFO ]  MQTT Client Connected! ClientId: e0fd31aa-7e12-11ec-a820-5ff5fbc104a7
2022-01-25 20:20:59,425 [MainThread  ] [INFO ]  Connecting...
2022-01-25 20:21:09,920 [MainThread  ] [INFO ]  MQTT Client Connected! ClientId: ed6012d6-7e13-11ec-a820-5ff5fbc104a7
